Vivado Simulator 2018.3
Copyright 1986-1999, 2001-2018 Xilinx, Inc. All Rights Reserved.
Running: C:/Users/luizg/Desktop/Vivado/2018.3/bin/unwrapped/win64.o/xelab.exe -wto cecf11a55f2d4765a983aec08dbea2ca --incr --debug typical --relax --mt 2 -L xil_defaultlib -L secureip --snapshot ULA_experimento_3_tb_behav xil_defaultlib.ULA_experimento_3_tb -log elaborate.log 
Using 2 slave threads.
Starting static elaboration
Completed static elaboration
Starting simulation data flow analysis
Completed simulation data flow analysis
Time Resolution for simulation is 1ps
Compiling package std.standard
Compiling package std.textio
Compiling package ieee.std_logic_1164
Compiling architecture behavioral of entity xil_defaultlib.comp_1_experimento_3 [comp_1_experimento_3_default]
Compiling architecture behavioral of entity xil_defaultlib.detector_de_overflow_experimento_3 [detector_de_overflow_experimento...]
Compiling architecture behavioral of entity xil_defaultlib.soma1_experimento_3 [soma1_experimento_3_default]
Compiling architecture behavioral of entity xil_defaultlib.soma4 [soma4_default]
Compiling architecture behavioral of entity xil_defaultlib.somador_subtrator_4bits_experimento_3 [somador_subtrator_4bits_experime...]
Compiling architecture behavioral of entity xil_defaultlib.AND_1bit_experimento_3 [and_1bit_experimento_3_default]
Compiling architecture behavioral of entity xil_defaultlib.AND_ULA_experimento_3 [and_ula_experimento_3_default]
Compiling architecture behavioral of entity xil_defaultlib.OR_1bit_experimento_3 [or_1bit_experimento_3_default]
Compiling architecture behavioral of entity xil_defaultlib.OR_ULA_experimento_3 [or_ula_experimento_3_default]
Compiling architecture behavioral of entity xil_defaultlib.ULA_experimento_3 [ula_experimento_3_default]
Compiling architecture behavioral of entity xil_defaultlib.ula_experimento_3_tb
Built simulation snapshot ULA_experimento_3_tb_behav
